<?xml version="1.0" encoding="UTF-8"?>
<testsuites>
	<testsuite tests="6" failures="2" time="0.401" name="forum/internal/handlers">
		<properties>
			<property name="go.version" value="go1.23.5"></property>
		</properties>
		<testcase classname="handlers" name="TestSignUp" time="0.390"></testcase>
		<testcase classname="handlers" name="TestSignUp/Valid_signup" time="0.390"></testcase>
		<testcase classname="handlers" name="TestSignUp/Blank_username" time="0.000"></testcase>
		<testcase classname="handlers" name="TestUserLoginPost" time="0.000">
			<failure message="Failed" type="">time=&#34;2025-02-08T13:18:32+05:00&#34; level=info msg=&#34;TestUserLoginPost: Starting table-driven tests for /login&#34;</failure>
		</testcase>
		<testcase classname="handlers" name="TestUserLoginPost/Incorrect_email" time="0.000"></testcase>
		<testcase classname="handlers" name="TestUserLoginPost/Valid_login" time="0.000">
			<failure message="Failed" type="">time=&#34;2025-02-08T13:18:32+05:00&#34; level=info msg=&#34;Running test case: \&#34;Valid login\&#34;&#34;&#xA;time=&#34;2025-02-08T13:18:32+05:00&#34; level=error msg=&#34;Login test FAILED for \&#34;Valid login\&#34;: got 303, want 202&#34;&#xA;    user_test.go:158: got: 303; expected: 202&#xA;time=&#34;2025-02-08T13:18:32+05:00&#34; level=info msg=&#34;TestUserLoginPost: Completed table-driven tests for /login&#34;</failure>
		</testcase>
	</testsuite>
</testsuites>
