<?xml version="1.0" encoding="UTF-8"?>
<testsuites tests="11">
	<testsuite name="forum/internal/handlers" tests="11" failures="0" errors="0" id="0" hostname="archlinux" time="0.019" timestamp="2025-02-01T14:53:28+05:00">
		<testcase name="TestCommentCreate" classname="forum/internal/handlers" time="0.010"></testcase>
		<testcase name="TestCommentCreate/Valid_comment" classname="forum/internal/handlers" time="0.000"></testcase>
		<testcase name="TestCommentCreate/Blank_content" classname="forum/internal/handlers" time="0.000"></testcase>
		<testcase name="TestCommentCreate/Invalid_postID_(negative)" classname="forum/internal/handlers" time="0.000">
			<system-out><![CDATA[2025/02/01 14:53:28 http: superfluous response.WriteHeader call from forum/app.(*Application).ClientError (errors.go:37)]]></system-out>
		</testcase>
		<testcase name="TestCommentCreate/Invalid_postID_(non-digit)" classname="forum/internal/handlers" time="0.000">
			<system-out><![CDATA[2025/02/01 14:53:28 http: superfluous response.WriteHeader call from forum/app.(*Application).ClientError (errors.go:37)]]></system-out>
		</testcase>
		<testcase name="TestSignUp" classname="forum/internal/handlers" time="0.000">
			<system-out><![CDATA[time="2025-02-01T14:53:28+05:00" level=info msg="TestSignUp: Starting table-driven tests for /signup"]]></system-out>
		</testcase>
		<testcase name="TestSignUp/Valid_signup" classname="forum/internal/handlers" time="0.000">
			<system-out><![CDATA[time="2025-02-01T14:53:28+05:00" level=info msg="Running test case: \"Valid signup\""
time="2025-02-01T14:53:28+05:00" level=info msg="Signup test PASSED for \"Valid signup\": got code 422 (as expected)"]]></system-out>
		</testcase>
		<testcase name="TestSignUp/Blank_username" classname="forum/internal/handlers" time="0.000">
			<system-out><![CDATA[time="2025-02-01T14:53:28+05:00" level=info msg="Running test case: \"Blank username\""
time="2025-02-01T14:53:28+05:00" level=info msg="Signup test PASSED for \"Blank username\": got code 422 (as expected)"
time="2025-02-01T14:53:28+05:00" level=info msg="TestSignUp: Completed table-driven tests for /signup"]]></system-out>
		</testcase>
		<testcase name="TestUserLoginPost" classname="forum/internal/handlers" time="0.010">
			<system-out><![CDATA[time="2025-02-01T14:53:28+05:00" level=info msg="TestUserLoginPost: Starting table-driven tests for /login"]]></system-out>
		</testcase>
		<testcase name="TestUserLoginPost/Valid_login" classname="forum/internal/handlers" time="0.000">
			<system-out><![CDATA[time="2025-02-01T14:53:28+05:00" level=info msg="Running test case: \"Valid login\""
time="2025-02-01T14:53:28+05:00" level=info msg="Login test PASSED for \"Valid login\": got 422 (as expected)"]]></system-out>
		</testcase>
		<testcase name="TestUserLoginPost/Incorrect_email" classname="forum/internal/handlers" time="0.000">
			<system-out><![CDATA[time="2025-02-01T14:53:28+05:00" level=info msg="Running test case: \"Incorrect email\""
time="2025-02-01T14:53:28+05:00" level=info msg="Login test PASSED for \"Incorrect email\": got 422 (as expected)"
time="2025-02-01T14:53:28+05:00" level=info msg="TestUserLoginPost: Completed table-driven tests for /login"]]></system-out>
		</testcase>
		<system-out><![CDATA[time="2025-02-01T14:53:28+05:00" level=info msg="=== Starting Test Suite ==="
time="2025-02-01T14:53:28+05:00" level=info msg="=== Test Suite Completed ==="]]></system-out>
	</testsuite>
</testsuites>
